AH00558: apache2: Could not reliably determine the server's fully qualified domain name, using 172.30.0.5. Set the 'ServerName' directive globally to suppress this message
[Sun Oct 20 21:39:34.923819 2019] [mpm_prefork:notice] [pid 1] AH00163: Apache/2.4.25 (Debian) PHP/7.2.3 configured -- resuming normal operations
[Sun Oct 20 21:39:34.923963 2019] [core:notice] [pid 1] AH00094: Command line: 'apache2 -D FOREGROUND'
[Sun Oct 20 22:39:02.902957 2019] [mpm_prefork:notice] [pid 1] AH00169: caught SIGTERM, shutting down
AH00558: apache2: Could not reliably determine the server's fully qualified domain name, using 172.40.0.13. Set the 'ServerName' directive globally to suppress this message
[Mon Oct 21 20:34:16.188090 2019] [mpm_prefork:notice] [pid 1] AH00163: Apache/2.4.25 (Debian) PHP/7.2.3 configured -- resuming normal operations
[Mon Oct 21 20:34:16.188534 2019] [core:notice] [pid 1] AH00094: Command line: 'apache2 -D FOREGROUND'
[Mon Oct 21 20:35:31.011778 2019] [mpm_prefork:notice] [pid 1] AH00169: caught SIGTERM, shutting down
AH00558: apache2: Could not reliably determine the server's fully qualified domain name, using 172.40.0.13. Set the 'ServerName' directive globally to suppress this message
[Mon Oct 21 20:36:21.990731 2019] [mpm_prefork:notice] [pid 1] AH00163: Apache/2.4.25 (Debian) PHP/7.2.3 configured -- resuming normal operations
[Mon Oct 21 20:36:21.990794 2019] [core:notice] [pid 1] AH00094: Command line: 'apache2 -D FOREGROUND'
[Mon Oct 21 21:32:01.795775 2019] [mpm_prefork:notice] [pid 1] AH00169: caught SIGTERM, shutting down
AH00558: apache2: Could not reliably determine the server's fully qualified domain name, using 172.40.0.13. Set the 'ServerName' directive globally to suppress this message
[Wed Oct 23 19:26:13.847792 2019] [mpm_prefork:notice] [pid 1] AH00163: Apache/2.4.25 (Debian) PHP/7.2.3 configured -- resuming normal operations
[Wed Oct 23 19:26:13.847856 2019] [core:notice] [pid 1] AH00094: Command line: 'apache2 -D FOREGROUND'
[Wed Oct 23 19:44:21.694385 2019] [mpm_prefork:notice] [pid 1] AH00169: caught SIGTERM, shutting down
AH00558: apache2: Could not reliably determine the server's fully qualified domain name, using 172.40.0.13. Set the 'ServerName' directive globally to suppress this message
[Wed Oct 23 19:44:29.362139 2019] [mpm_prefork:notice] [pid 1] AH00163: Apache/2.4.25 (Debian) PHP/7.2.3 configured -- resuming normal operations
[Wed Oct 23 19:44:29.362202 2019] [core:notice] [pid 1] AH00094: Command line: 'apache2 -D FOREGROUND'
[Wed Oct 23 19:44:30.268158 2019] [mpm_prefork:notice] [pid 1] AH00171: Graceful restart requested, doing restart
AH00558: apache2: Could not reliably determine the server's fully qualified domain name, using 172.40.0.13. Set the 'ServerName' directive globally to suppress this message
[Wed Oct 23 19:44:30.312627 2019] [mpm_prefork:notice] [pid 1] AH00163: Apache/2.4.25 (Debian) PHP/7.2.3 OpenSSL/1.0.2l configured -- resuming normal operations
[Wed Oct 23 19:44:30.312641 2019] [core:notice] [pid 1] AH00094: Command line: 'apache2 -D FOREGROUND'
